<?xml version="1.0" encoding="UTF-8"?>
<!-- Generated by org.testng.reporters.JUnitReportReporter -->
<testsuite hostname="AshikPC" failures="0" tests="1" name="testCases.TC_003_Reset_SelectedValues_In_AdminPage" time="3.946" errors="0" timestamp="2025-02-16T16:59:59 IST" skipped="0">
  <testcase classname="testCases.TC_003_Reset_SelectedValues_In_AdminPage" name="searchAndReset" time="3.946"/>
</testsuite> <!-- testCases.TC_003_Reset_SelectedValues_In_AdminPage -->
