<?xml version="1.0" encoding="UTF-8"?>
<!-- Generated by org.testng.reporters.JUnitReportReporter -->
<testsuite hostname="AshikPC" failures="0" tests="1" name="testCases.TC_002_SearchMenu_NavigateThatScreen" time="8.073" errors="0" timestamp="2025-02-15T20:11:42 IST" skipped="0">
  <testcase classname="testCases.TC_002_SearchMenu_NavigateThatScreen" name="loginApplication" time="8.073"/>
</testsuite> <!-- testCases.TC_002_SearchMenu_NavigateThatScreen -->
