<?xml version="1.0" encoding="UTF-8"?>
<!-- Generated by org.testng.reporters.JUnitReportReporter -->
<testsuite hostname="AshikPC" failures="0" tests="1" name="testCases.TC_004_Actions_KeyBoardActions" time="5.696" errors="0" timestamp="2025-02-18T10:03:50 IST" skipped="0">
  <testcase classname="testCases.TC_004_Actions_KeyBoardActions" name="searchAndReset" time="5.696"/>
</testsuite> <!-- testCases.TC_004_Actions_KeyBoardActions -->
